\BOOKMARK [0][-]{chapter.listoftables.1}{\376\377\000I\000n\000t\000r\000o\000d\000u\000c\000t\000i\000o\000n}{}% 1
\BOOKMARK [1][-]{section.listoftables.1.1}{\376\377\000M\000o\000t\000i\000v\000a\000t\000i\000o\000n}{chapter.listoftables.1}% 2
\BOOKMARK [1][-]{section.listoftables.1.2}{\376\377\000C\000u\000r\000r\000e\000n\000t\000\040\000s\000c\000e\000n\000a\000r\000i\000o}{chapter.listoftables.1}% 3
\BOOKMARK [2][-]{subsection.listoftables.1.2.1}{\376\377\000A\000m\000a\000z\000o\000n\000\040\000D\000a\000s\000h\000\040\000C\000a\000r\000t}{section.listoftables.1.2}% 4
\BOOKMARK [2][-]{subsection.listoftables.1.2.2}{\376\377\000C\000a\000p\000e\000r\000.\000a\000i}{section.listoftables.1.2}% 5
\BOOKMARK [2][-]{subsection.listoftables.1.2.3}{\376\377\000N\000e\000x\000t\000o\000p}{section.listoftables.1.2}% 6
\BOOKMARK [1][-]{section.listoftables.1.3}{\376\377\000E\000x\000p\000e\000c\000t\000e\000d\000\040\000o\000u\000t\000c\000o\000m\000e\000s}{chapter.listoftables.1}% 7
\BOOKMARK [0][-]{chapter.listoftables.2}{\376\377\000T\000h\000e\000o\000r\000e\000t\000i\000c\000a\000l\000\040\000B\000a\000c\000k\000g\000r\000o\000u\000n\000d}{}% 8
\BOOKMARK [1][-]{section.listoftables.2.1}{\376\377\000D\000e\000e\000p\000\040\000L\000e\000a\000r\000n\000i\000n\000g}{chapter.listoftables.2}% 9
\BOOKMARK [1][-]{section.listoftables.2.2}{\376\377\000N\000e\000u\000r\000a\000l\000\040\000N\000e\000t\000w\000o\000r\000k\000s}{chapter.listoftables.2}% 10
\BOOKMARK [1][-]{section.listoftables.2.3}{\376\377\000S\000t\000r\000a\000i\000n\000\040\000G\000a\000u\000g\000e}{chapter.listoftables.2}% 11
\BOOKMARK [1][-]{section.listoftables.2.4}{\376\377\000L\000o\000a\000d\000\040\000C\000e\000l\000l}{chapter.listoftables.2}% 12
\BOOKMARK [1][-]{section.listoftables.2.5}{\376\377\000H\000X\0007\0001\0001}{chapter.listoftables.2}% 13
\BOOKMARK [1][-]{section.listoftables.2.6}{\376\377\000A\000P\000I}{chapter.listoftables.2}% 14
\BOOKMARK [1][-]{section.listoftables.2.7}{\376\377\000H\000T\000T\000P}{chapter.listoftables.2}% 15
\BOOKMARK [1][-]{section.listoftables.2.8}{\376\377\000J\000S\000O\000N}{chapter.listoftables.2}% 16
\BOOKMARK [1][-]{section.listoftables.2.9}{\376\377\000S\000Q\000L}{chapter.listoftables.2}% 17
\BOOKMARK [1][-]{section.listoftables.2.10}{\376\377\000S\000Q\000L\000i\000t\000e}{chapter.listoftables.2}% 18
\BOOKMARK [0][-]{chapter.listoftables.3}{\376\377\000D\000e\000v\000e\000l\000o\000p\000m\000e\000n\000t}{}% 19
\BOOKMARK [1][-]{section.listoftables.3.1}{\376\377\000F\000i\000g\000u\000r\000a\000s}{chapter.listoftables.3}% 20
\BOOKMARK [1][-]{section.listoftables.3.2}{\376\377\000T\000a\000b\000e\000l\000a\000s}{chapter.listoftables.3}% 21
\BOOKMARK [1][-]{section.listoftables.3.3}{\376\377\000E\000q\000u\000a\000\347\000\365\000e\000s}{chapter.listoftables.3}% 22
\BOOKMARK [1][-]{section.listoftables.3.4}{\376\377\000S\000i\000g\000l\000a\000s\000\040\000e\000\040\000s\000\355\000m\000b\000o\000l\000o\000s}{chapter.listoftables.3}% 23
\BOOKMARK [0][-]{chapter.listoftables.4}{\376\377\000C\000o\000n\000c\000l\000u\000s\000i\000o\000n\000s}{}% 24
\BOOKMARK [0][-]{chapter.listoftables.4}{\376\377\000B\000i\000b\000l\000i\000o\000g\000r\000a\000p\000h\000y}{}% 25
\BOOKMARK [0][-]{chapter.appendix.A}{\376\377\000A\000p\000p\000e\000n\000d\000i\000x\000\040\000A\000\040\040\023\000\040\000N\000o\000m\000e\000\040\000d\000o\000\040\000A\000p\000e\000n\000d\000i\000c\000e}{}% 26
\BOOKMARK [0][-]{chapter.annex.A}{\376\377\000A\000n\000n\000e\000x\000\040\000A\000\040\040\023\000\040\000N\000o\000m\000e\000\040\000d\000o\000\040\000A\000n\000e\000x\000o}{}% 27
